<?xml version="1.0" encoding="UTF-8"?>
<!-- Generated by org.testng.reporters.JUnitReportReporter -->
<testsuite hostname="LAPTOP-30FIKBH6" failures="0" tests="1" name="Academy.E2EFramework.Test1" time="2.294" errors="0" timestamp="2021-05-29T14:20:05 EDT" skipped="0">
  <testcase classname="Academy.E2EFramework.Test1" name="basePageNavigation" time="2.294"/>
  <system-out/>
</testsuite> <!-- Academy.E2EFramework.Test1 -->
